<?xml version="1.0" encoding="UTF-8"?>
<testsuite xmlns:xsi="http://www.w3.org/2001/XMLSchema-instance" xsi:noNamespaceSchemaLocation="https://maven.apache.org/surefire/maven-surefire-plugin/xsd/surefire-test-report.xsd" version="3.0.2" name="easy.TwoferTest" time="0.0" tests="3" errors="0" skipped="0" failures="0">
  <properties>
    <property name="java.specification.version" value="21"/>
    <property name="sun.cpu.isalist" value="amd64"/>
    <property name="sun.jnu.encoding" value="Cp1252"/>
    <property name="java.class.path" value="Z:\code\exercism\java\target\test-classes;Z:\code\exercism\java\target\classes;Z:\packages\maven\repository\org\junit\jupiter\junit-jupiter-api\5.11.4\junit-jupiter-api-5.11.4.jar;Z:\packages\maven\repository\org\opentest4j\opentest4j\1.3.0\opentest4j-1.3.0.jar;Z:\packages\maven\repository\org\junit\platform\junit-platform-commons\1.11.4\junit-platform-commons-1.11.4.jar;Z:\packages\maven\repository\org\apiguardian\apiguardian-api\1.1.2\apiguardian-api-1.1.2.jar;Z:\packages\maven\repository\org\junit\jupiter\junit-jupiter-params\5.11.4\junit-jupiter-params-5.11.4.jar;Z:\packages\maven\repository\org\assertj\assertj-core\3.27.3\assertj-core-3.27.3.jar;Z:\packages\maven\repository\net\bytebuddy\byte-buddy\1.15.11\byte-buddy-1.15.11.jar;Z:\packages\maven\repository\org\hamcrest\hamcrest\3.0\hamcrest-3.0.jar;"/>
    <property name="java.vm.vendor" value="Eclipse Adoptium"/>
    <property name="sun.arch.data.model" value="64"/>
    <property name="user.variant" value=""/>
    <property name="java.vendor.url" value="https://adoptium.net/"/>
    <property name="user.timezone" value="America/Mexico_City"/>
    <property name="os.name" value="Windows 11"/>
    <property name="java.vm.specification.version" value="21"/>
    <property name="sun.java.launcher" value="SUN_STANDARD"/>
    <property name="user.country" value="US"/>
    <property name="sun.boot.library.path" value="C:\jdk21\bin"/>
    <property name="sun.java.command" value="C:\Users\seedi\AppData\Local\Temp\surefire7456735867149084116\surefirebooter-20250310180800707_3.jar C:\Users\seedi\AppData\Local\Temp\surefire7456735867149084116 2025-03-10T18-08-00_440-jvmRun1 surefire-20250310180800707_1tmp surefire_0-20250310180800707_2tmp"/>
    <property name="jdk.debug" value="release"/>
    <property name="surefire.test.class.path" value="Z:\code\exercism\java\target\test-classes;Z:\code\exercism\java\target\classes;Z:\packages\maven\repository\org\junit\jupiter\junit-jupiter-api\5.11.4\junit-jupiter-api-5.11.4.jar;Z:\packages\maven\repository\org\opentest4j\opentest4j\1.3.0\opentest4j-1.3.0.jar;Z:\packages\maven\repository\org\junit\platform\junit-platform-commons\1.11.4\junit-platform-commons-1.11.4.jar;Z:\packages\maven\repository\org\apiguardian\apiguardian-api\1.1.2\apiguardian-api-1.1.2.jar;Z:\packages\maven\repository\org\junit\jupiter\junit-jupiter-params\5.11.4\junit-jupiter-params-5.11.4.jar;Z:\packages\maven\repository\org\assertj\assertj-core\3.27.3\assertj-core-3.27.3.jar;Z:\packages\maven\repository\net\bytebuddy\byte-buddy\1.15.11\byte-buddy-1.15.11.jar;Z:\packages\maven\repository\org\hamcrest\hamcrest\3.0\hamcrest-3.0.jar;"/>
    <property name="sun.cpu.endian" value="little"/>
    <property name="user.home" value="C:\Users\seedi"/>
    <property name="user.language" value="en"/>
    <property name="java.specification.vendor" value="Oracle Corporation"/>
    <property name="java.version.date" value="2024-10-15"/>
    <property name="java.home" value="C:\jdk21"/>
    <property name="file.separator" value="\"/>
    <property name="basedir" value="Z:\code\exercism\java"/>
    <property name="java.vm.compressedOopsMode" value="Zero based"/>
    <property name="line.separator" value="&#10;"/>
    <property name="java.vm.specification.vendor" value="Oracle Corporation"/>
    <property name="java.specification.name" value="Java Platform API Specification"/>
    <property name="surefire.real.class.path" value="C:\Users\seedi\AppData\Local\Temp\surefire7456735867149084116\surefirebooter-20250310180800707_3.jar"/>
    <property name="user.script" value=""/>
    <property name="sun.management.compiler" value="HotSpot 64-Bit Tiered Compilers"/>
    <property name="java.runtime.version" value="21.0.5+11-LTS"/>
    <property name="user.name" value="jordi"/>
    <property name="stdout.encoding" value="Cp1252"/>
    <property name="path.separator" value=";"/>
    <property name="os.version" value="10.0"/>
    <property name="java.runtime.name" value="OpenJDK Runtime Environment"/>
    <property name="file.encoding" value="UTF-8"/>
    <property name="java.vm.name" value="OpenJDK 64-Bit Server VM"/>
    <property name="java.vendor.version" value="Temurin-21.0.5+11"/>
    <property name="localRepository" value="Z:\packages\maven\repository"/>
    <property name="java.vendor.url.bug" value="https://github.com/adoptium/adoptium-support/issues"/>
    <property name="java.io.tmpdir" value="C:\Users\seedi\AppData\Local\Temp\"/>
    <property name="java.version" value="21.0.5"/>
    <property name="user.dir" value="Z:\code\exercism\java"/>
    <property name="os.arch" value="amd64"/>
    <property name="java.vm.specification.name" value="Java Virtual Machine Specification"/>
    <property name="sun.os.patch.level" value=""/>
    <property name="native.encoding" value="Cp1252"/>
    <property name="java.library.path" value="C:\jdk21\bin;C:\Windows\Sun\Java\bin;C:\Windows\system32;C:\Windows;C:\Program Files\PowerShell\7;C:\Program Files\Microsoft SDKs\Azure\CLI2\wbin;C:\Windows\system32;C:\Windows;C:\Windows\System32\Wbem;C:\Windows\System32\WindowsPowerShell\v1.0\;C:\Windows\System32\OpenSSH\;C:\Program Files\Microsoft SQL Server\150\Tools\Binn\;C:\Program Files\Microsoft SQL Server\Client SDK\ODBC\170\Tools\Binn\;C:\Program Files\dotnet\;C:\Program Files (x86)\Microsoft SQL Server\150\Tools\Binn\;C:\Program Files\Microsoft SQL Server\150\DTS\Binn\;C:\WINDOWS\system32;C:\WINDOWS;C:\WINDOWS\System32\Wbem;C:\WINDOWS\System32\WindowsPowerShell\v1.0\;C:\WINDOWS\System32\OpenSSH\;C:\ProgramData\chocolatey\bin;C:\sqlite;C:\Program Files\gs\gs10.00.0\bin;C:\Program Files (x86)\dotnet\;C:\libwebp-1.3.0\bin;C:\apache-maven-3.9.5\bin;C:\Users\seedi\AppData\Local\Programs\Python\Python312\python.exe;C:\Program Files\GitHub CLI\;C:\qpdf\bin;C:\Program Files (x86)\Microsoft SQL Server\160\DTS\Binn\;C:\Program Files\Git\cmd;C:\Gradle\bin;C:\Program Files\R\R-4.4.1\bin;C:\Program Files\Kubernetes\Minikube;C:\jdk21\bin;C:\apache-tomcat-10.1.19\bin;C:\Program Files\nodejs\;C:\Program Files\git\bin;C:\temporal\AOMEI\AOMEI Backupper\7.4.1;C:\Program Files\PowerShell\7\;C:\Program Files\Docker\Docker\resources\bin;C:\Program Files\Cloudflare\Cloudflare WARP\;C:\Program Files (x86)\cloudflared\;C:\Users\seedi\.console-ninja\.bin;C:\Users\seedi\.cargo\bin;C:\Users\seedi\AppData\Local\Programs\Python\Python312\Scripts\;C:\Users\seedi\AppData\Local\Programs\Python\Python312\;C:\Users\seedi\AppData\Local\pnpm;C:\Program Files\MySQL\MySQL Shell 8.0\bin\;C:\Users\seedi\scoop\apps\nodejs\current\bin;C:\Users\seedi\scoop\apps\nodejs\current;C:\Users\seedi\scoop\apps\oh-my-posh\current\bin;C:\Users\seedi\scoop\apps\gcc\current\bin;C:\Users\seedi\scoop\shims;C:\Users\seedi\AppData\Local\Microsoft\WindowsApps;C:\Users\seedi\.dotnet\tools;C:\Users\seedi\AppData\Local\Programs\Microsoft VS Code\bin;C:\Users\seedi\AppData\Local\Programs\oh-my-posh\bin;C:\Program Files\Azure Data Studio\bin;C:\Users\seedi\AppData\Local\gitkraken\bin;C:\Program Files\JetBrains\JetBrains Rider 2022.1.2\bin;C:\Program Files\JetBrains\IntelliJ IDEA 2022.2\bin;C:\Program Files\JetBrains\PyCharm 2022.2\bin;C:\Users\seedi\go\bin;C:\Program Files\MongoDB\Server\5.0\bin;C:\Program Files\heroku\bin;C:\Program Files\MySQL\MySQL Server 8.0\bin;C:\Users\seedi\AppData\Local\Mi;C:\Program Files\JetBrains\WebStorm 2023.2.5\bin;;C:\Users\seedi\.dotnet\tools;C:\Program Files\JetBrains\DataGrip 2024.1.2\bin;;C:\Users\seedi\AppData\Local\Programs\Ollama;C:\Users\seedi\AppData\Roaming\npm;C:\Program Files\JetBrains\IntelliJ IDEA 2024.2.5\bin;;C:\Users\seedi\.deno\bin;."/>
    <property name="java.vm.info" value="mixed mode, sharing"/>
    <property name="stderr.encoding" value="Cp1252"/>
    <property name="java.vendor" value="Eclipse Adoptium"/>
    <property name="java.vm.version" value="21.0.5+11-LTS"/>
    <property name="sun.io.unicode.encoding" value="UnicodeLittle"/>
    <property name="java.class.version" value="65.0"/>
  </properties>
  <testcase name="noNameGiven" classname="easy.TwoferTest" time="0.0"/>
  <testcase name="aNameGiven" classname="easy.TwoferTest" time="0.0"/>
  <testcase name="anotherNameGiven" classname="easy.TwoferTest" time="0.0"/>
</testsuite>